This is LuaHBTeX, Version 1.18.0 (MiKTeX 24.3) (format=lualatex 2024.3.24)  25 APR 2024 11:33
 restricted system commands enabled.
**C:/Users/c2tz/Desktop/cvv/rendercv_output/Google_CV.tex
(C:/Users/c2tz/Desktop/cvv/rendercv_output/Google_CV.tex
LaTeX2e <2023-11-01> patch level 1
L3 programming layer <2024-02-20>
Lua module: luaotfload 2024-02-14 3.28 Lua based OpenType font support
Lua module: lualibs 2023-07-13 2.76 ConTeXt Lua standard libraries.
Lua module: lualibs-extended 2023-07-13 2.76 ConTeXt Lua libraries -- extended c
ollection.
luaotfload | conf : Root cache directory is "C:/Users/c2tz/AppData/Local/MiKTeX/
luatex-cache/generic/names".
luaotfload | init : Loading fontloader "fontloader-2023-12-28.lua" from kpse-res
olved path "C:/Users/c2tz/AppData/Local/Programs/MiKTeX/tex/luatex/luaotfload/fo
ntloader-2023-12-28.lua".
Lua-only attribute luaotfload@noligature = 1
luaotfload | init : Context OpenType loader version 3.134
Inserting `luaotfload.node_processor' in `pre_linebreak_filter'.
Inserting `luaotfload.node_processor' in `hpack_filter'.
Inserting `luaotfload.glyph_stream' in `glyph_stream_provider'.
Inserting `luaotfload.define_font' in `define_font'.
Lua-only attribute luaotfload_color_attribute = 2
luaotfload | conf : Root cache directory is "C:/Users/c2tz/AppData/Local/MiKTeX/
luatex-cache/generic/names".
Inserting `luaotfload.harf.strip_prefix' in `find_opentype_file'.
Inserting `luaotfload.harf.strip_prefix' in `find_truetype_file'.
Removing  `luaotfload.glyph_stream' from `glyph_stream_provider'.
Inserting `luaotfload.harf.glyphstream' in `glyph_stream_provider'.
Inserting `luaotfload.harf.finalize_vlist' in `post_linebreak_filter'.
Inserting `luaotfload.harf.finalize_hlist' in `hpack_filter'.
Inserting `luaotfload.cleanup_files' in `wrapup_run'.
Inserting `luaotfload.harf.finalize_unicode' in `finish_pdffile'.
Inserting `luaotfload.glyphinfo' in `glyph_info'.
Lua-only attribute luaotfload.letterspace_done = 3
Inserting `luaotfload.aux.set_sscale_dimens' in `luaotfload.patch_font'.
Inserting `luaotfload.aux.set_font_index' in `luaotfload.patch_font'.
Inserting `luaotfload.aux.patch_cambria_domh' in `luaotfload.patch_font'.
Inserting `luaotfload.aux.fixup_fontdata' in `luaotfload.patch_font_unsafe'.
Inserting `luaotfload.aux.set_capheight' in `luaotfload.patch_font'.
Inserting `luaotfload.aux.set_xheight' in `luaotfload.patch_font'.
Inserting `luaotfload.rewrite_fontname' in `luaotfload.patch_font'.
Inserting `tracingstacklevels' in `input_level_string'. (C:/Users/c2tz/AppData/
Local/Programs/MiKTeX/tex/latex/base/article.cls
Document Class: article 2023/05/17 v1.4n Standard LaTeX document class
(C:/Users/c2tz/AppData/Local/Programs/MiKTeX/tex/latex/base/size10.clo
File: size10.clo 2023/05/17 v1.4n Standard LaTeX file (size option)
luaotfload | db : Font names database loaded from C:/Users/c2tz/AppData/Local/Mi
KTeX/luatex-cache/generic/names/luaotfload-names.luc.gz)
\c@part=\count186
\c@section=\count187
\c@subsection=\count188
\c@subsubsection=\count189
\c@paragraph=\count190
\c@subparagraph=\count191
\c@figure=\count192
\c@table=\count193
\abovecaptionskip=\skip48
\belowcaptionskip=\skip49
\bibindent=\dimen139
)
(C:/Users/c2tz/AppData/Local/Programs/MiKTeX/tex/latex/geometry/geometry.sty
Package: geometry 2020/01/02 v5.9 Page Geometry

(C:/Users/c2tz/AppData/Local/Programs/MiKTeX/tex/latex/graphics/keyval.sty
Package: keyval 2022/05/29 v1.15 key=value parser (DPC)
\KV@toks@=\toks17
)
(C:/Users/c2tz/AppData/Local/Programs/MiKTeX/tex/generic/iftex/ifvtex.sty
Package: ifvtex 2019/10/25 v1.7 ifvtex legacy package. Use iftex instead.

(C:/Users/c2tz/AppData/Local/Programs/MiKTeX/tex/generic/iftex/iftex.sty
Package: iftex 2022/02/03 v1.0f TeX engine tests
))
\Gm@cnth=\count194
\Gm@cntv=\count195
\c@Gm@tempcnt=\count196
\Gm@bindingoffset=\dimen140
\Gm@wd@mp=\dimen141
\Gm@odd@mp=\dimen142
\Gm@even@mp=\dimen143
\Gm@layoutwidth=\dimen144
\Gm@layoutheight=\dimen145
\Gm@layouthoffset=\dimen146
\Gm@layoutvoffset=\dimen147
\Gm@dimlist=\toks18

(C:/Users/c2tz/AppData/Local/Programs/MiKTeX/tex/latex/geometry/geometry.cfg))
(C:/Users/c2tz/AppData/Local/Programs/MiKTeX/tex/latex/numprint/numprint.sty
Package: numprint 2012/08/20 v1.39 Print numbers (HH)

(C:/Users/c2tz/AppData/Local/Programs/MiKTeX/tex/latex/tools/array.sty
Package: array 2023/10/16 v2.5g Tabular extension package (FMi)
\col@sep=\dimen148
\ar@mcellbox=\box51
\extrarowheight=\dimen149
\NC@list=\toks19
\extratabsurround=\skip50
\backup@length=\skip51
\ar@cellbox=\box52
)
\c@nprt@mantissa@digitsbefore=\count197
\c@nprt@mantissa@digitsafter=\count198
\c@nprt@exponent@digitsbefore=\count199
\c@nprt@exponent@digitsafter=\count266
\nprt@digitwidth=\skip52
\nprt@sepwidth=\skip53
\nprt@decimalwidth=\skip54
\nprt@blockwidth=\skip55
\nprt@digittoks=\toks20
\nprt@pretoks=\toks21
\nprt@posttoks=\toks22
\nprt@thisdigit=\count267
\nprt@curpos=\count268
\nprt@rndpos=\count269
\c@nprt@digitsfirstblock=\count270
\c@nprt@blockcnt=\count271
\c@nprt@cntprint=\count272

No configuration file `numprint.cfg' found.)
(C:/Users/c2tz/AppData/Local/Programs/MiKTeX/tex/generic/babel/babel.sty
Package: babel 2024/02/07 v24.2 The Babel package

(C:/Users/c2tz/AppData/Local/Programs/MiKTeX/tex/generic/babel/luababel.def
\bbl@readstream=\read2
\l@afrikaans=\language2
Package babel Info: Non-standard hyphenation setup on input line 118.
\l@ancientgreek=\language3
\l@armenian=\language4
\l@assamese=\language5
\l@basque=\language6
\l@belarusian=\language7
\l@bengali=\language8
\l@bokmal=\language9
\l@bulgarian=\language10
\l@catalan=\language11
\l@churchslavonic=\language12
\l@classiclatin=\language13
\l@coptic=\language14
\l@croatian=\language15
\l@czech=\language16
\l@danish=\language17
\l@dutch=\language18
\l@esperanto=\language19
\l@estonian=\language20
\l@ethiopic=\language21
\l@finnish=\language22
\l@french=\language23
\l@friulan=\language24
\l@galician=\language25
\l@georgian=\language26
\l@german=\language27
\l@greek=\language28
\l@gujarati=\language29
\l@hindi=\language30
\l@hungarian=\language31
\l@icelandic=\language32
\l@indonesian=\language33
\l@interlingua=\language34
\l@irish=\language35
\l@italian=\language36
\l@kannada=\language37
\l@kurmanji=\language38
\l@latin=\language39
\l@latvian=\language40
\l@lithuanian=\language41
\l@liturgicallatin=\language42
\l@macedonian=\language43
\l@malayalam=\language44
\l@marathi=\language45
\l@mongolian=\language46
\l@mongolianlmc=\language47
\l@monogreek=\language48
\l@ngerman=\language49
\l@nynorsk=\language50
\l@occitan=\language51
\l@oriya=\language52
\l@pali=\language53
\l@panjabi=\language54
\l@piedmontese=\language55
\l@polish=\language56
\l@portuguese=\language57
\l@romanian=\language58
\l@romansh=\language59
\l@russian=\language60
\l@sanskrit=\language61
\l@serbian=\language62
\l@serbianc=\language63
\l@slovak=\language64
\l@slovenian=\language65
\l@spanish=\language66
\l@swedish=\language67
\l@swissgerman=\language68
\l@tamil=\language69
\l@telugu=\language70
\l@thai=\language71
\l@turkish=\language72
\l@turkmen=\language73
\l@ukenglish=\language74
\l@ukrainian=\language75
\l@uppersorbian=\language76
\l@usenglishmax=\language77
\l@welsh=\language78
\babelcatcodetablenum=\catcodetable14
\bbl@pattcodes=\catcodetable15
)
\babel@savecnt=\count273
\U@D=\dimen150
\l@unhyphenated=\language79

(C:/Users/c2tz/AppData/Local/Programs/MiKTeX/tex/generic/babel/luababel.def
\bbl@attr@locale=\attribute4
)
*************************************
* Local config file bblopts.cfg used
*
(C:/Users/c2tz/AppData/Local/Programs/MiKTeX/tex/latex/arabi/bblopts.cfg
File: bblopts.cfg 2005/09/08 v0.1 add Arabic and Farsi to "declared" options of
 babel
)
(C:/Users/c2tz/AppData/Local/Programs/MiKTeX/tex/generic/babel-french/french.ld
f
Language: french 2024-02-29 v3.5s French support from the babel system
Package babel Info: Hyphen rules for 'acadian' set to \l@french
(babel)             (\language23). Reported on input line 91.
Package babel Info: Hyphen rules for 'canadien' set to \l@french
(babel)             (\language23). Reported on input line 92.
\FB@stdchar=\count274
\FB@spacing=\attribute5
\FB@addDPspace=\attribute6
\FB@addGUILspace=\attribute7
\FB@ucsNBSP=\attribute8
\FB@dialect=\attribute9
Package french.ldf Info: No need for active punctuation characters
(french.ldf)             with this version of LuaTeX!
(french.ldf)             reported on input line 250.
\FBguill@level=\count275
\FBold@everypar=\toks23
\FB@Mht=\dimen151
\mc@charclass=\count276
\mc@charfam=\count277
\mc@charslot=\count278
\std@mcc=\count279
\dec@mcc=\count280
Inserting `frenchb.french_punctuation' in `kerning'.
\FB@parskip=\dimen152
\listindentFB=\dimen153
\descindentFB=\dimen154
\labelindentFB=\dimen155
\labelwidthFB=\dimen156
\leftmarginFB=\dimen157
\parindentFFN=\dimen158
\FBfnindent=\dimen159

(C:/Users/c2tz/AppData/Local/Programs/MiKTeX/tex/generic/hyph-utf8/loadhyph/loa
dhyph-fr.tex UTF-8 French hyphenation patterns
(C:/Users/c2tz/AppData/Local/Programs/MiKTeX/tex/generic/hyph-utf8/patterns/tex
/hyph-fr.tex)
(C:/Users/c2tz/AppData/Local/Programs/MiKTeX/tex/generic/hyph-utf8/patterns/quo
te/hyph-quote-fr.tex))))
(C:/Users/c2tz/AppData/Local/Programs/MiKTeX/tex/generic/babel/locale/fr/babel-
french.tex
Package babel Info: Importing font and identification data for french
(babel)             from babel-fr.ini. Reported on input line 11.
)
(C:/Users/c2tz/AppData/Local/Programs/MiKTeX/tex/latex/carlisle/scalefnt.sty)
(C:/Users/c2tz/AppData/Local/Programs/MiKTeX/tex/latex/transparent/transparent.
sty
Package: transparent 2022-10-27 v1.5 Transparency with color stacks

(C:/Users/c2tz/AppData/Local/Programs/MiKTeX/tex/latex/transparent/transparent-
nometadata.sty
Package: transparent-nometadata 2022-10-27 v1.5 Transparency via pdfTeX's color
 stack (HO)

(C:/Users/c2tz/AppData/Local/Programs/MiKTeX/tex/latex/auxhook/auxhook.sty
Package: auxhook 2019-12-17 v1.6 Hooks for auxiliary files (HO)
)))
(C:/Users/c2tz/AppData/Local/Programs/MiKTeX/tex/latex/hyphenat/hyphenat.sty
Package: hyphenat 2009/09/02 v2.3c hyphenation utilities
\langwohyphens=\language80
LaTeX Info: Redefining \_ on input line 43.
)
(C:/Users/c2tz/AppData/Local/Programs/MiKTeX/tex/latex/graphics/graphicx.sty
Package: graphicx 2021/09/16 v1.2d Enhanced LaTeX Graphics (DPC,SPQR)

(C:/Users/c2tz/AppData/Local/Programs/MiKTeX/tex/latex/graphics/graphics.sty
Package: graphics 2022/03/10 v1.4e Standard LaTeX Graphics (DPC,SPQR)

(C:/Users/c2tz/AppData/Local/Programs/MiKTeX/tex/latex/graphics/trig.sty
Package: trig 2021/08/11 v1.11 sin cos tan (DPC)
)
(C:/Users/c2tz/AppData/Local/Programs/MiKTeX/tex/latex/graphics-cfg/graphics.cf
g
File: graphics.cfg 2016/06/04 v1.11 sample graphics configuration
)
Package graphics Info: Driver file: luatex.def on input line 107.

(C:/Users/c2tz/AppData/Local/Programs/MiKTeX/tex/latex/graphics-def/luatex.def
File: luatex.def 2022/09/22 v1.2d Graphics/color driver for luatex
))
\Gin@req@height=\dimen160
\Gin@req@width=\dimen161
)
(C:/Users/c2tz/AppData/Local/Programs/MiKTeX/tex/latex/datetime2/datetime2.sty
Package: datetime2 2021/03/21 v1.5.7 (NLCT) date and time formats

(C:/Users/c2tz/AppData/Local/Programs/MiKTeX/tex/latex/tracklang/tracklang.sty
Package: tracklang 2022/12/13 v1.6.1 (NLCT) Track Languages

(C:/Users/c2tz/AppData/Local/Programs/MiKTeX/tex/generic/tracklang/tracklang.te
x))
(C:/Users/c2tz/AppData/Local/Programs/MiKTeX/tex/latex/etoolbox/etoolbox.sty
Package: etoolbox 2020/10/05 v2.5k e-TeX tools for LaTeX (JAW)
\etb@tempcnta=\count281
)
(C:/Users/c2tz/AppData/Local/Programs/MiKTeX/tex/latex/xkeyval/xkeyval.sty
Package: xkeyval 2022/06/16 v2.9 package option processing (HA)

(C:/Users/c2tz/AppData/Local/Programs/MiKTeX/tex/generic/xkeyval/xkeyval.tex
(C:/Users/c2tz/AppData/Local/Programs/MiKTeX/tex/generic/xkeyval/xkvutils.tex
\XKV@toks=\toks24
\XKV@tempa@toks=\toks25
)
\XKV@depth=\count282
File: xkeyval.tex 2014/12/03 v2.7a key=value parser (HA)
))
(C:/Users/c2tz/AppData/Local/Programs/MiKTeX/tex/latex/datetime2-french/datetim
e2-french.ldf
File: datetime2-french.ldf 2020/09/21 v1.03

(C:/Users/c2tz/AppData/Local/Programs/MiKTeX/tex/generic/iftex/ifxetex.sty
Package: ifxetex 2019/10/25 v0.7 ifxetex legacy package. Use iftex instead.
)
(C:/Users/c2tz/AppData/Local/Programs/MiKTeX/tex/generic/iftex/ifluatex.sty
Package: ifluatex 2019/10/25 v1.5 ifluatex legacy package. Use iftex instead.
)
(C:/Users/c2tz/AppData/Local/Programs/MiKTeX/tex/latex/datetime2-french/datetim
e2-french-utf8.ldf
File: datetime2-french-utf8.ldf 2020/09/21 v1.03
)))
(C:/Users/c2tz/AppData/Local/Programs/MiKTeX/tex/latex/psnfss/pifont.sty
Package: pifont 2020/03/25 PSNFSS-v9.3 Pi font support (SPQR) 
LaTeX Font Info:    Trying to load font information for U+pzd on input line 63.


(C:/Users/c2tz/AppData/Local/Programs/MiKTeX/tex/latex/psnfss/upzd.fd
File: upzd.fd 2001/06/04 font definitions for U/pzd.
)
LaTeX Font Info:    Trying to load font information for U+psy on input line 64.


(C:/Users/c2tz/AppData/Local/Programs/MiKTeX/tex/latex/psnfss/upsy.fd
File: upsy.fd 2001/06/04 font definitions for U/psy.
))
(C:/Users/c2tz/AppData/Local/Programs/MiKTeX/tex/latex/fontspec/fontspec.sty
(C:/Users/c2tz/AppData/Local/Programs/MiKTeX/tex/latex/l3packages/xparse/xparse
.sty (C:/Users/c2tz/AppData/Local/Programs/MiKTeX/tex/latex/l3kernel/expl3.sty
Package: expl3 2024-02-20 L3 programming layer (loader) 

(C:/Users/c2tz/AppData/Local/Programs/MiKTeX/tex/latex/l3backend/l3backend-luat
ex.def
File: l3backend-luatex.def 2024-02-20 L3 backend support: PDF output (LuaTeX)
\l__color_backend_stack_int=\count283
Inserting `l3color' in `luaotfload.parse_color'.
\l__pdf_internal_box=\box53
))
Package: xparse 2024-02-18 L3 Experimental document command parser
)
Package: fontspec 2024/02/13 v2.9a Font selection for XeLaTeX and LuaLaTeX
Lua module: fontspec 2024/02/13 2.9a Font selection for XeLaTeX and LuaLaTeX
(C:/Users/c2tz/AppData/Local/Programs/MiKTeX/tex/latex/fontspec/fontspec-luatex
.sty
Package: fontspec-luatex 2024/02/13 v2.9a Font selection for XeLaTeX and LuaLaT
eX
\l__fontspec_script_int=\count284
\l__fontspec_language_int=\count285
\l__fontspec_strnum_int=\count286
\l__fontspec_tmp_int=\count287
\l__fontspec_tmpa_int=\count288
\l__fontspec_tmpb_int=\count289
\l__fontspec_tmpc_int=\count290
\l__fontspec_em_int=\count291
\l__fontspec_emdef_int=\count292
\l__fontspec_strong_int=\count293
\l__fontspec_strongdef_int=\count294
\l__fontspec_tmpa_dim=\dimen162
\l__fontspec_tmpb_dim=\dimen163
\l__fontspec_tmpc_dim=\dimen164
 (C:/Users/c2tz/AppData/Local/Programs/MiKTeX/tex/latex/base/fontenc.sty
Package: fontenc 2021/04/29 v2.0v Standard LaTeX package
)
(C:/Users/c2tz/AppData/Local/Programs/MiKTeX/tex/latex/fontspec/fontspec.cfg))) (C:/Users/c2tz/AppData/Local/Programs/MiKTeX/tex/latex/titlesec/titlesec.sty
Package: titlesec 2023/10/27 v2.16 Sectioning titles
\ttl@box=\box54
\beforetitleunit=\skip56
\aftertitleunit=\skip57
\ttl@plus=\dimen165
\ttl@minus=\dimen166
\ttl@toksa=\toks26
\titlewidth=\dimen167
\titlewidthlast=\dimen168
\titlewidthfirst=\dimen169
)
(C:/Users/c2tz/AppData/Local/Programs/MiKTeX/tex/latex/tools/tabularx.sty
Package: tabularx 2023/07/08 v2.11c `tabularx' package (DPC)
\TX@col@width=\dimen170
\TX@old@table=\dimen171
\TX@old@col=\dimen172
\TX@target=\dimen173
\TX@delta=\dimen174
\TX@cols=\count295
\TX@ftn=\toks27
)
(C:/Users/c2tz/AppData/Local/Programs/MiKTeX/tex/latex/xcolor/xcolor.sty
Package: xcolor 2023/11/15 v3.01 LaTeX color extensions (UK)

(C:/Users/c2tz/AppData/Local/Programs/MiKTeX/tex/latex/graphics-cfg/color.cfg
File: color.cfg 2016/01/02 v1.6 sample color configuration
)
Package xcolor Info: Driver file: luatex.def on input line 274.

(C:/Users/c2tz/AppData/Local/Programs/MiKTeX/tex/latex/graphics/mathcolor.ltx)
Package xcolor Info: Model `cmy' substituted by `cmy0' on input line 1350.
Package xcolor Info: Model `hsb' substituted by `rgb' on input line 1354.
Package xcolor Info: Model `RGB' extended on input line 1366.
Package xcolor Info: Model `HTML' substituted by `rgb' on input line 1368.
Package xcolor Info: Model `Hsb' substituted by `hsb' on input line 1369.
Package xcolor Info: Model `tHsb' substituted by `hsb' on input line 1370.
Package xcolor Info: Model `HSB' substituted by `hsb' on input line 1371.
Package xcolor Info: Model `Gray' substituted by `gray' on input line 1372.
Package xcolor Info: Model `wave' substituted by `hsb' on input line 1373.
) (C:/Users/c2tz/AppData/Local/Programs/MiKTeX/tex/latex/graphics/dvipsnam.def
File: dvipsnam.def 2016/06/17 v3.0m Driver-dependent file (DPC,SPQR)
)
(C:/Users/c2tz/AppData/Local/Programs/MiKTeX/tex/latex/enumitem/enumitem.sty
Package: enumitem 2019/06/20 v3.9 Customized lists
\labelindent=\skip58
\enit@outerparindent=\dimen175
\enit@toks=\toks28
\enit@inbox=\box55
\enit@count@id=\count296
\enitdp@description=\count297
)
(C:/Users/c2tz/AppData/Local/Programs/MiKTeX/tex/latex/fontawesome5/fontawesome
5.sty
Package: fontawesome5 2022/05/02 v5.15.4 Font Awesome 5

(C:/Users/c2tz/AppData/Local/Programs/MiKTeX/tex/latex/l3packages/l3keys2e/l3ke
ys2e.sty
Package: l3keys2e 2024-02-18 LaTeX2e option processing using LaTeX3 keys
)
(C:/Users/c2tz/AppData/Local/Programs/MiKTeX/tex/latex/fontawesome5/fontawesome
5-utex-helper.sty
Package: fontawesome5-utex-helper 2022/05/02 v5.15.4 uTeX helper for fontawesom
e5

(C:/Users/c2tz/AppData/Local/Programs/MiKTeX/tex/luatex/luatexbase/luatexbase.s
ty
Package: luatexbase 2015/10/04 v1.3 luatexbase interface to LuaTeX 

(C:/Users/c2tz/AppData/Local/Programs/MiKTeX/tex/luatex/ctablestack/ctablestack
.sty
Package: ctablestack 2015/10/01 v1.0 Catcode table stable support
\@catcodetablestackcnt=\count298
)
\CatcodeTableOther=\catcodetable16
\CatcodeTableExpl=\catcodetable17
)
LaTeX Font Info:    Trying to load font information for TU+fontawesomefree on i
nput line 69.

(C:/Users/c2tz/AppData/Local/Programs/MiKTeX/tex/latex/fontawesome5/tufontaweso
mefree.fd)
LaTeX Font Info:    Trying to load font information for TU+fontawesomebrands on
 input line 70.

(C:/Users/c2tz/AppData/Local/Programs/MiKTeX/tex/latex/fontawesome5/tufontaweso
mebrands.fd)))
(C:/Users/c2tz/AppData/Local/Programs/MiKTeX/tex/latex/amsmath/amsmath.sty
Package: amsmath 2023/05/13 v2.17o AMS math features
\@mathmargin=\skip59

For additional information on amsmath, use the `?' option.
(C:/Users/c2tz/AppData/Local/Programs/MiKTeX/tex/latex/amsmath/amstext.sty
Package: amstext 2021/08/26 v2.01 AMS text

(C:/Users/c2tz/AppData/Local/Programs/MiKTeX/tex/latex/amsmath/amsgen.sty
File: amsgen.sty 1999/11/30 v2.0 generic functions
\@emptytoks=\toks29
\ex@=\dimen176
))
(C:/Users/c2tz/AppData/Local/Programs/MiKTeX/tex/latex/amsmath/amsbsy.sty
Package: amsbsy 1999/11/29 v1.2d Bold Symbols
\pmbraise@=\dimen177
)
(C:/Users/c2tz/AppData/Local/Programs/MiKTeX/tex/latex/amsmath/amsopn.sty
Package: amsopn 2022/04/08 v2.04 operator names
)
\inf@bad=\count299
LaTeX Info: Redefining \frac on input line 236.
\uproot@=\count300
\leftroot@=\count301
LaTeX Info: Redefining \overline on input line 399.
LaTeX Info: Redefining \colon on input line 410.
\classnum@=\count302
\DOTSCASE@=\count303
LaTeX Info: Redefining \ldots on input line 496.
LaTeX Info: Redefining \dots on input line 499.
LaTeX Info: Redefining \cdots on input line 620.
\Mathstrutbox@=\box56
\strutbox@=\box57
LaTeX Info: Redefining \big on input line 722.
LaTeX Info: Redefining \Big on input line 723.
LaTeX Info: Redefining \bigg on input line 724.
LaTeX Info: Redefining \Bigg on input line 725.
\big@size=\dimen178
LaTeX Font Info:    Redeclaring font encoding OML on input line 743.
LaTeX Font Info:    Redeclaring font encoding OMS on input line 744.
\macc@depth=\count304
LaTeX Info: Redefining \bmod on input line 905.
LaTeX Info: Redefining \pmod on input line 910.
LaTeX Info: Redefining \smash on input line 940.
LaTeX Info: Redefining \relbar on input line 970.
LaTeX Info: Redefining \Relbar on input line 971.
\c@MaxMatrixCols=\count305
\dotsspace@=\muskip16
\c@parentequation=\count306
\dspbrk@lvl=\count307
\tag@help=\toks30
\row@=\count308
\column@=\count309
\maxfields@=\count310
\andhelp@=\toks31
\eqnshift@=\dimen179
\alignsep@=\dimen180
\tagshift@=\dimen181
\tagwidth@=\dimen182
\totwidth@=\dimen183
\lineht@=\dimen184
\@envbody=\toks32
\multlinegap=\skip60
\multlinetaggap=\skip61
\mathdisplay@stack=\toks33
LaTeX Info: Redefining \[ on input line 2953.
LaTeX Info: Redefining \] on input line 2954.
)
(C:/Users/c2tz/AppData/Local/Programs/MiKTeX/tex/latex/hyperref/hyperref.sty
Package: hyperref 2024-01-20 v7.01h Hypertext links for LaTeX

(C:/Users/c2tz/AppData/Local/Programs/MiKTeX/tex/latex/kvsetkeys/kvsetkeys.sty
Package: kvsetkeys 2022-10-05 v1.19 Key value parser (HO)
)
(C:/Users/c2tz/AppData/Local/Programs/MiKTeX/tex/generic/kvdefinekeys/kvdefinek
eys.sty
Package: kvdefinekeys 2019-12-19 v1.6 Define keys (HO)
)
(C:/Users/c2tz/AppData/Local/Programs/MiKTeX/tex/generic/pdfescape/pdfescape.st
y
Package: pdfescape 2019/12/09 v1.15 Implements pdfTeX's escape features (HO)
 (C:/Users/c2tz/AppData/Local/Programs/MiKTeX/tex/generic/ltxcmds/ltxcmds.sty
Package: ltxcmds 2023-12-04 v1.26 LaTeX kernel commands for general use (HO)
)
(C:/Users/c2tz/AppData/Local/Programs/MiKTeX/tex/generic/pdftexcmds/pdftexcmds.
sty
Package: pdftexcmds 2020-06-27 v0.33 Utility functions of pdfTeX for LuaTeX (HO
)

(C:/Users/c2tz/AppData/Local/Programs/MiKTeX/tex/generic/infwarerr/infwarerr.st
y
Package: infwarerr 2019/12/03 v1.5 Providing info/warning/error messages (HO)
)
Package pdftexcmds Info: \pdf@primitive is available.
Package pdftexcmds Info: \pdf@ifprimitive is available.
Package pdftexcmds Info: \pdfdraftmode found.
\pdftexcmds@toks=\toks34
)) (C:/Users/c2tz/AppData/Local/Programs/MiKTeX/tex/latex/hycolor/hycolor.sty
Package: hycolor 2020-01-27 v1.10 Color options for hyperref/bookmark (HO)
) (C:/Users/c2tz/AppData/Local/Programs/MiKTeX/tex/latex/hyperref/nameref.sty
Package: nameref 2023-11-26 v2.56 Cross-referencing by name of section

(C:/Users/c2tz/AppData/Local/Programs/MiKTeX/tex/latex/refcount/refcount.sty
Package: refcount 2019/12/15 v3.6 Data extraction from label references (HO)
)
(C:/Users/c2tz/AppData/Local/Programs/MiKTeX/tex/generic/gettitlestring/gettitl
estring.sty
Package: gettitlestring 2019/12/15 v1.6 Cleanup title references (HO)

(C:/Users/c2tz/AppData/Local/Programs/MiKTeX/tex/latex/kvoptions/kvoptions.sty
Package: kvoptions 2022-06-15 v3.15 Key value format for package options (HO)
))
\c@section@level=\count311
)
\@linkdim=\dimen185
\Hy@linkcounter=\count312
\Hy@pagecounter=\count313
 (C:/Users/c2tz/AppData/Local/Programs/MiKTeX/tex/latex/hyperref/pd1enc.def
File: pd1enc.def 2024-01-20 v7.01h Hyperref: PDFDocEncoding definition (HO)
)
(C:/Users/c2tz/AppData/Local/Programs/MiKTeX/tex/generic/intcalc/intcalc.sty
Package: intcalc 2019/12/15 v1.3 Expandable calculations with integers (HO)
)
\Hy@SavedSpaceFactor=\count314

(C:/Users/c2tz/AppData/Local/Programs/MiKTeX/tex/latex/hyperref/puenc.def
File: puenc.def 2024-01-20 v7.01h Hyperref: PDF Unicode definition (HO)
)
Package hyperref Info: Option `colorlinks' set `true' on input line 4062.
Package hyperref Info: Hyper figures OFF on input line 4179.
Package hyperref Info: Link nesting OFF on input line 4184.
Package hyperref Info: Hyper index ON on input line 4187.
Package hyperref Info: Plain pages OFF on input line 4194.
Package hyperref Info: Backreferencing OFF on input line 4199.
Package hyperref Info: Implicit mode ON; LaTeX internals redefined.
Package hyperref Info: Bookmarks ON on input line 4446.
\c@Hy@tempcnt=\count315

(C:/Users/c2tz/AppData/Local/Programs/MiKTeX/tex/latex/url/url.sty
\Urlmuskip=\muskip17
Package: url 2013/09/16  ver 3.4  Verb mode for urls, etc.
)
LaTeX Info: Redefining \url on input line 4784.
\XeTeXLinkMargin=\dimen186

(C:/Users/c2tz/AppData/Local/Programs/MiKTeX/tex/generic/bitset/bitset.sty
Package: bitset 2019/12/09 v1.3 Handle bit-vector datatype (HO)

(C:/Users/c2tz/AppData/Local/Programs/MiKTeX/tex/generic/bigintcalc/bigintcalc.
sty
Package: bigintcalc 2019/12/15 v1.5 Expandable calculations on big integers (HO
)
))
\Fld@menulength=\count316
\Field@Width=\dimen187
\Fld@charsize=\dimen188
Package hyperref Info: Hyper figures OFF on input line 6063.
Package hyperref Info: Link nesting OFF on input line 6068.
Package hyperref Info: Hyper index ON on input line 6071.
Package hyperref Info: backreferencing OFF on input line 6078.
Package hyperref Info: Link coloring ON on input line 6081.
Package hyperref Info: Link coloring with OCG OFF on input line 6088.
Package hyperref Info: PDF/A mode OFF on input line 6093.

(C:/Users/c2tz/AppData/Local/Programs/MiKTeX/tex/latex/base/atbegshi-ltx.sty
Package: atbegshi-ltx 2021/01/10 v1.0c Emulation of the original atbegshi
package with kernel methods
)
\Hy@abspage=\count317
\c@Item=\count318
\c@Hfootnote=\count319
)
Package hyperref Info: Driver (autodetected): hluatex.

(C:/Users/c2tz/AppData/Local/Programs/MiKTeX/tex/latex/hyperref/hluatex.def
File: hluatex.def 2024-01-20 v7.01h Hyperref driver for luaTeX

(C:/Users/c2tz/AppData/Local/Programs/MiKTeX/tex/generic/stringenc/stringenc.st
y
Package: stringenc 2019/11/29 v1.12 Convert strings between diff. encodings (HO
)
)
(C:/Users/c2tz/AppData/Local/Programs/MiKTeX/tex/latex/base/atveryend-ltx.sty
Package: atveryend-ltx 2020/08/19 v1.0a Emulation of the original atveryend pac
kage
with kernel methods
)
\Fld@listcount=\count320
\c@bookmark@seq@number=\count321

(C:/Users/c2tz/AppData/Local/Programs/MiKTeX/tex/latex/rerunfilecheck/rerunfile
check.sty
Package: rerunfilecheck 2022-07-10 v1.10 Rerun checks for auxiliary files (HO)

(C:/Users/c2tz/AppData/Local/Programs/MiKTeX/tex/generic/uniquecounter/uniqueco
unter.sty
Package: uniquecounter 2019/12/15 v1.4 Provide unlimited unique counter (HO)
)
Package uniquecounter Info: New unique counter `rerunfilecheck' on input line 2
85.
)
\Hy@SectionHShift=\skip62
)
(C:/Users/c2tz/AppData/Local/Programs/MiKTeX/tex/latex/eso-pic/eso-pic.sty
Package: eso-pic 2023/05/03 v3.0c eso-pic (RN)
\ESO@tempdima=\dimen189
\ESO@tempdimb=\dimen190
)
(C:/Users/c2tz/AppData/Local/Programs/MiKTeX/tex/latex/tools/calc.sty
Package: calc 2023/07/08 v4.3 Infix arithmetic (KKT,FJ)
\calc@Acount=\count322
\calc@Bcount=\count323
\calc@Adimen=\dimen191
\calc@Bdimen=\dimen192
\calc@Askip=\skip63
\calc@Bskip=\skip64
LaTeX Info: Redefining \setlength on input line 80.
LaTeX Info: Redefining \addtolength on input line 81.
\calc@Ccount=\count324
\calc@Cskip=\skip65
)
(C:/Users/c2tz/AppData/Local/Programs/MiKTeX/tex/latex/bookmark/bookmark.sty
Package: bookmark 2023-12-10 v1.31 PDF bookmarks (HO)

(C:/Users/c2tz/AppData/Local/Programs/MiKTeX/tex/latex/bookmark/bkm-pdftex.def
File: bkm-pdftex.def 2023-12-10 v1.31 bookmark driver for pdfTeX and luaTeX (HO
)
\BKM@id=\count325
)) (C:/Users/c2tz/AppData/Local/Programs/MiKTeX/tex/latex/lastpage/lastpage.sty
Package: lastpage 2023/10/14 v2.0e lastpage: 2.09 or 2e? (HMM)

(C:/Users/c2tz/AppData/Local/Programs/MiKTeX/tex/latex/lastpage/lastpage2e.sty
Package: lastpage2e 2023/10/14 v2.0e Decide which 2e lastpage version to use (H
MM)

(C:/Users/c2tz/AppData/Local/Programs/MiKTeX/tex/latex/lastpage/lastpagemodern.
sty
Package: lastpagemodern 2023-10-14 v2.0e Refers to last page's name (HMM; JPG)
\c@lastpagecount=\count326
) 
))
(C:/Users/c2tz/AppData/Local/Programs/MiKTeX/tex/latex/changepage/changepage.st
y
Package: changepage 2009/10/20 v1.0c check page and change page layout
\c@cp@cntr=\count327
\cp@tempcnt=\count328
) (C:/Users/c2tz/AppData/Local/Programs/MiKTeX/tex/latex/paracol/paracol.sty
Package: paracol 2018/12/31 v1.35 
\pcol@currcol=\count329
\pcol@nextcol=\count330
\pcol@ncol=\count331
\pcol@ncolleft=\count332
\pcol@page=\count333
\pcol@basepage=\count334
\pcol@toppage=\count335
\pcol@footnotebase=\count336
\pcol@nfootnotes=\count337
\pcol@mcid=\count338
\pcol@prevdepth=\dimen193
\pcol@colht=\dimen194
\pcol@textfloatsep=\dimen195
\pcol@lrmargin=\dimen196
\pagerim=\dimen197
\pcol@topskip=\skip66
\belowfootnoteskip=\skip67
\pcol@topfnotes=\box58
\pcol@prespan=\box59
\pcol@rightpage=\box60
\pcol@colorstack@saved=\box61
\pcol@tempboxa=\box62
\pcol@tempboxb=\box63
\pcol@colorins=\insert252
\pcol@everyvbox=\toks35
)
(C:/Users/c2tz/AppData/Local/Programs/MiKTeX/tex/latex/base/ifthen.sty
Package: ifthen 2022/04/13 v1.1d Standard LaTeX ifthen package (DPC)
)
(C:/Users/c2tz/AppData/Local/Programs/MiKTeX/tex/latex/needspace/needspace.sty
Package: needspace 2010/09/12 v1.3d reserve vertical space
)
luaotfload | aux : font no 23 (nil) does not define feature smcp for script latn
 with language dflt
luaotfload | aux : font no 24 (nil) does not define feature smcp for script latn
 with language dflt
luaotfload | aux : font no 25 (nil) does not define feature smcp for script latn
 with language dflt
luaotfload | aux : font no 26 (nil) does not define feature smcp for script latn
 with language dflt

Package fontspec Info: Font family 'GoogleSansText(0)' created for font
(fontspec)             'GoogleSansText' with options
(fontspec)             [Ligatures=TeX,Path=./GoogleSansText/,Extension =
(fontspec)             .ttf,UprightFont=*-Regular,BoldFont=*-Bold,ItalicFont=*-
Italic,BoldItalicFont=*-BoldItalic].
(fontspec)              
(fontspec)              This font family consists of the following NFSS
(fontspec)             series/shapes:
(fontspec)              
(fontspec)             - 'normal' (m/n) with NFSS spec.:
(fontspec)             <->"[./GoogleSansText/GoogleSansText-Regular.ttf]:mode=n
ode;script=latn;language=dflt;+tlig;"
(fontspec)             - 'small caps'  (m/sc) with NFSS spec.: 
(fontspec)             - 'bold' (b/n) with NFSS spec.:
(fontspec)             <->"[./GoogleSansText/GoogleSansText-Bold.ttf]:mode=node
;script=latn;language=dflt;+tlig;"
(fontspec)             - 'bold small caps'  (b/sc) with NFSS spec.: 
(fontspec)             - 'italic' (m/it) with NFSS spec.:
(fontspec)             <->"[./GoogleSansText/GoogleSansText-Italic.ttf]:mode=no
de;script=latn;language=dflt;+tlig;"
(fontspec)             - 'italic small caps'  (m/scit) with NFSS spec.: 
(fontspec)             - 'bold italic' (b/it) with NFSS spec.:
(fontspec)             <->"[./GoogleSansText/GoogleSansText-BoldItalic.ttf]:mod
e=node;script=latn;language=dflt;+tlig;"
(fontspec)             - 'bold italic small caps'  (b/scit) with NFSS spec.: 


Package fontspec Info: Font family 'GoogleSans(0)' created for font
(fontspec)             'GoogleSans' with options
(fontspec)             [Ligatures=TeX,Path=./GoogleSans/,Extension =
(fontspec)             .ttf,UprightFont=*-Regular,BoldFont=*-Bold,ItalicFont=*-
Italic,BoldItalicFont=*-BoldItalic].
(fontspec)              
(fontspec)              This font family consists of the following NFSS
(fontspec)             series/shapes:
(fontspec)              
(fontspec)             - 'normal' (m/n) with NFSS spec.:
(fontspec)             <->"[./GoogleSans/GoogleSans-Regular.ttf]:mode=node;scri
pt=latn;language=dflt;+tlig;"
(fontspec)             - 'small caps'  (m/sc) with NFSS spec.:
(fontspec)             <->"[./GoogleSans/GoogleSans-Regular.ttf]:mode=node;scri
pt=latn;language=dflt;+tlig;+smcp;"
(fontspec)             - 'bold' (b/n) with NFSS spec.:
(fontspec)             <->"[./GoogleSans/GoogleSans-Bold.ttf]:mode=node;script=
latn;language=dflt;+tlig;"
(fontspec)             - 'bold small caps'  (b/sc) with NFSS spec.:
(fontspec)             <->"[./GoogleSans/GoogleSans-Bold.ttf]:mode=node;script=
latn;language=dflt;+tlig;+smcp;"
(fontspec)             - 'italic' (m/it) with NFSS spec.:
(fontspec)             <->"[./GoogleSans/GoogleSans-Italic.ttf]:mode=node;scrip
t=latn;language=dflt;+tlig;"
(fontspec)             - 'italic small caps'  (m/scit) with NFSS spec.:
(fontspec)             <->"[./GoogleSans/GoogleSans-Italic.ttf]:mode=node;scrip
t=latn;language=dflt;+tlig;+smcp;"
(fontspec)             - 'bold italic' (b/it) with NFSS spec.:
(fontspec)             <->"[./GoogleSans/GoogleSans-BoldItalic.ttf]:mode=node;s
cript=latn;language=dflt;+tlig;"
(fontspec)             - 'bold italic small caps'  (b/scit) with NFSS spec.:
(fontspec)             <->"[./GoogleSans/GoogleSans-BoldItalic.ttf]:mode=node;s
cript=latn;language=dflt;+tlig;+smcp;"


Package fontspec Info: Font family 'GoogleSansDisplay(0)' created for font
(fontspec)             'GoogleSansDisplay' with options
(fontspec)             [WordSpace={1,0,0},HyphenChar=None,PunctuationSpace=Word
Space,Path=./GoogleSansDisplay/,Extension
(fontspec)             =
(fontspec)             .ttf,UprightFont=*-Regular,BoldFont=*-Bold,ItalicFont=*-
Italic,BoldItalicFont=*-BoldItalic].
(fontspec)              
(fontspec)              This font family consists of the following NFSS
(fontspec)             series/shapes:
(fontspec)              
(fontspec)             - 'normal' (m/n) with NFSS spec.:
(fontspec)             <->"[./GoogleSansDisplay/GoogleSansDisplay-Regular.ttf]:
mode=node;script=latn;language=dflt;"
(fontspec)             - 'small caps'  (m/sc) with NFSS spec.:
(fontspec)             <->"[./GoogleSansDisplay/GoogleSansDisplay-Regular.ttf]:
mode=node;script=latn;language=dflt;+smcp;"
(fontspec)             and font adjustment code:
(fontspec)             \fontdimen 2\font =1\fontdimen 2\font \fontdimen 3\font
(fontspec)             =0\fontdimen 3\font \fontdimen 4\font =0\fontdimen
(fontspec)             4\font \fontdimen 7\font =0\fontdimen 2\font
(fontspec)             \tex_hyphenchar:D \font =-1\scan_stop: 
(fontspec)             - 'bold' (b/n) with NFSS spec.:
(fontspec)             <->"[./GoogleSansDisplay/GoogleSansDisplay-Bold.ttf]:mod
e=node;script=latn;language=dflt;"
(fontspec)             - 'bold small caps'  (b/sc) with NFSS spec.:
(fontspec)             <->"[./GoogleSansDisplay/GoogleSansDisplay-Bold.ttf]:mod
e=node;script=latn;language=dflt;+smcp;"
(fontspec)             and font adjustment code:
(fontspec)             \fontdimen 2\font =1\fontdimen 2\font \fontdimen 3\font
(fontspec)             =0\fontdimen 3\font \fontdimen 4\font =0\fontdimen
(fontspec)             4\font \fontdimen 7\font =0\fontdimen 2\font
(fontspec)             \tex_hyphenchar:D \font =-1\scan_stop: 
(fontspec)             - 'italic' (m/it) with NFSS spec.:
(fontspec)             <->"[./GoogleSansDisplay/GoogleSansDisplay-Italic.ttf]:m
ode=node;script=latn;language=dflt;"
(fontspec)             - 'italic small caps'  (m/scit) with NFSS spec.:
(fontspec)             <->"[./GoogleSansDisplay/GoogleSansDisplay-Italic.ttf]:m
ode=node;script=latn;language=dflt;+smcp;"
(fontspec)             and font adjustment code:
(fontspec)             \fontdimen 2\font =1\fontdimen 2\font \fontdimen 3\font
(fontspec)             =0\fontdimen 3\font \fontdimen 4\font =0\fontdimen
(fontspec)             4\font \fontdimen 7\font =0\fontdimen 2\font
(fontspec)             \tex_hyphenchar:D \font =-1\scan_stop: 
(fontspec)             - 'bold italic' (b/it) with NFSS spec.:
(fontspec)             <->"[./GoogleSansDisplay/GoogleSansDisplay-BoldItalic.tt
f]:mode=node;script=latn;language=dflt;"
(fontspec)             - 'bold italic small caps'  (b/scit) with NFSS spec.:
(fontspec)             <->"[./GoogleSansDisplay/GoogleSansDisplay-BoldItalic.tt
f]:mode=node;script=latn;language=dflt;+smcp;"
(fontspec)             and font adjustment code:
(fontspec)             \fontdimen 2\font =1\fontdimen 2\font \fontdimen 3\font
(fontspec)             =0\fontdimen 3\font \fontdimen 4\font =0\fontdimen
(fontspec)             4\font \fontdimen 7\font =0\fontdimen 2\font
(fontspec)             \tex_hyphenchar:D \font =-1\scan_stop: 

(./Google_CV.aux)
\openout1 = Google_CV.aux

LaTeX Font Info:    Checking defaults for OML/cmm/m/it on input line 206.
LaTeX Font Info:    ... okay on input line 206.
LaTeX Font Info:    Checking defaults for OMS/cmsy/m/n on input line 206.
LaTeX Font Info:    ... okay on input line 206.
LaTeX Font Info:    Checking defaults for OT1/cmr/m/n on input line 206.
LaTeX Font Info:    ... okay on input line 206.
LaTeX Font Info:    Checking defaults for T1/cmr/m/n on input line 206.
LaTeX Font Info:    ... okay on input line 206.
LaTeX Font Info:    Checking defaults for TS1/cmr/m/n on input line 206.
LaTeX Font Info:    Trying to load font information for TS1+cmr on input line 2
06.

(C:/Users/c2tz/AppData/Local/Programs/MiKTeX/tex/latex/base/ts1cmr.fd
File: ts1cmr.fd 2023/04/13 v2.5m Standard LaTeX font definitions
)
LaTeX Font Info:    ... okay on input line 206.
LaTeX Font Info:    Checking defaults for TU/lmr/m/n on input line 206.
LaTeX Font Info:    ... okay on input line 206.
LaTeX Font Info:    Checking defaults for OMX/cmex/m/n on input line 206.
LaTeX Font Info:    ... okay on input line 206.
LaTeX Font Info:    Checking defaults for U/cmr/m/n on input line 206.
LaTeX Font Info:    ... okay on input line 206.
LaTeX Font Info:    Checking defaults for PD1/pdf/m/n on input line 206.
LaTeX Font Info:    ... okay on input line 206.
LaTeX Font Info:    Checking defaults for PU/pdf/m/n on input line 206.
LaTeX Font Info:    ... okay on input line 206.

*geometry* driver: auto-detecting
*geometry* detected driver: luatex
*geometry* verbose mode - [ preamble ] result:
* driver: luatex
* paper: letterpaper
* layout: <same size as paper>
* layoutoffset:(h,v)=(0.0pt,0.0pt)
* modes: 
* h-part:(L,W,R)=(56.9055pt, 500.484pt, 56.9055pt)
* v-part:(T,H,B)=(56.9055pt, 681.15898pt, 56.9055pt)
* \paperwidth=614.295pt
* \paperheight=794.96999pt
* \textwidth=500.484pt
* \textheight=681.15898pt
* \oddsidemargin=-15.36449pt
* \evensidemargin=-15.36449pt
* \topmargin=-52.36449pt
* \headheight=12.0pt
* \headsep=25.0pt
* \topskip=0.0pt
* \footskip=28.45274pt
* \marginparwidth=65.0pt
* \marginparsep=11.0pt
* \columnsep=4.26773pt
* \skip\footins=9.0pt plus 4.0pt minus 2.0pt
* \hoffset=0.0pt
* \voffset=0.0pt
* \mag=1000
* \@twocolumnfalse
* \@twosidefalse
* \@mparswitchfalse
* \@reversemarginfalse
* (1in=72.27pt=25.4mm, 1cm=28.453pt)

LaTeX Info: Redefining \up on input line 206.

(C:/Users/c2tz/AppData/Local/Programs/MiKTeX/tex/context/base/mkii/supp-pdf.mki
i
[Loading MPS to PDF converter (version 2006.09.02).]
\scratchcounter=\count339
\scratchdimen=\dimen198
\scratchbox=\box64
\nofMPsegments=\count340
\nofMParguments=\count341
\everyMPshowfont=\toks36
\MPscratchCnt=\count342
\MPscratchDim=\dimen199
\MPnumerator=\count343
\makeMPintoPDFobject=\count344
\everyMPtoPDFconversion=\toks37
)
(C:/Users/c2tz/AppData/Local/Programs/MiKTeX/tex/latex/epstopdf-pkg/epstopdf-ba
se.sty
Package: epstopdf-base 2020-01-24 v2.11 Base part for package epstopdf
Package epstopdf-base Info: Redefining graphics rule for `.eps' on input line 4
85.

(C:/Users/c2tz/AppData/Local/Programs/MiKTeX/tex/latex/00miktex/epstopdf-sys.cf
g
File: epstopdf-sys.cfg 2021/03/18 v2.0 Configuration of epstopdf for MiKTeX
))

Package fontspec Info: Adjusting the maths setup (use [no-math] to avoid
(fontspec)             this).

\symlegacymaths=\mathgroup4
LaTeX Font Info:    Overwriting symbol font `legacymaths' in version `bold'
(Font)                  OT1/cmr/m/n --> OT1/cmr/bx/n on input line 206.
LaTeX Font Info:    Redeclaring math accent \acute on input line 206.
LaTeX Font Info:    Redeclaring math accent \grave on input line 206.
LaTeX Font Info:    Redeclaring math accent \ddot on input line 206.
LaTeX Font Info:    Redeclaring math accent \tilde on input line 206.
LaTeX Font Info:    Redeclaring math accent \bar on input line 206.
LaTeX Font Info:    Redeclaring math accent \breve on input line 206.
LaTeX Font Info:    Redeclaring math accent \check on input line 206.
LaTeX Font Info:    Redeclaring math accent \hat on input line 206.
LaTeX Font Info:    Redeclaring math accent \dot on input line 206.
LaTeX Font Info:    Redeclaring math accent \mathring on input line 206.
LaTeX Font Info:    Redeclaring math symbol \Gamma on input line 206.
LaTeX Font Info:    Redeclaring math symbol \Delta on input line 206.
LaTeX Font Info:    Redeclaring math symbol \Theta on input line 206.
LaTeX Font Info:    Redeclaring math symbol \Lambda on input line 206.
LaTeX Font Info:    Redeclaring math symbol \Xi on input line 206.
LaTeX Font Info:    Redeclaring math symbol \Pi on input line 206.
LaTeX Font Info:    Redeclaring math symbol \Sigma on input line 206.
LaTeX Font Info:    Redeclaring math symbol \Upsilon on input line 206.
LaTeX Font Info:    Redeclaring math symbol \Phi on input line 206.
LaTeX Font Info:    Redeclaring math symbol \Psi on input line 206.
LaTeX Font Info:    Redeclaring math symbol \Omega on input line 206.
LaTeX Font Info:    Redeclaring math symbol \mathdollar on input line 206.
LaTeX Font Info:    Redeclaring symbol font `operators' on input line 206.
LaTeX Font Info:    Encoding `OT1' has changed to `TU' for symbol font
(Font)              `operators' in the math version `normal' on input line 206.

LaTeX Font Info:    Overwriting symbol font `operators' in version `normal'
(Font)                  OT1/cmr/m/n --> TU/GoogleSans(0)/m/n on input line 206.

LaTeX Font Info:    Encoding `OT1' has changed to `TU' for symbol font
(Font)              `operators' in the math version `bold' on input line 206.
LaTeX Font Info:    Overwriting symbol font `operators' in version `bold'
(Font)                  OT1/cmr/bx/n --> TU/GoogleSans(0)/m/n on input line 206
.
LaTeX Font Info:    Overwriting symbol font `operators' in version `normal'
(Font)                  TU/GoogleSans(0)/m/n --> TU/GoogleSans(0)/m/n on input 
line 206.
LaTeX Font Info:    Overwriting math alphabet `\mathit' in version `normal'
(Font)                  OT1/cmr/m/it --> TU/GoogleSans(0)/m/it on input line 20
6.
LaTeX Font Info:    Overwriting math alphabet `\mathbf' in version `normal'
(Font)                  OT1/cmr/bx/n --> TU/GoogleSans(0)/b/n on input line 206
.
LaTeX Font Info:    Overwriting math alphabet `\mathsf' in version `normal'
(Font)                  OT1/cmss/m/n --> TU/GoogleSansText(0)/m/n on input line
 206.
LaTeX Font Info:    Overwriting math alphabet `\mathtt' in version `normal'
(Font)                  OT1/cmtt/m/n --> TU/GoogleSansDisplay(0)/m/n on input l
ine 206.
LaTeX Font Info:    Overwriting symbol font `operators' in version `bold'
(Font)                  TU/GoogleSans(0)/m/n --> TU/GoogleSans(0)/b/n on input 
line 206.
LaTeX Font Info:    Overwriting math alphabet `\mathit' in version `bold'
(Font)                  OT1/cmr/bx/it --> TU/GoogleSans(0)/b/it on input line 2
06.
LaTeX Font Info:    Overwriting math alphabet `\mathsf' in version `bold'
(Font)                  OT1/cmss/bx/n --> TU/GoogleSansText(0)/b/n on input lin
e 206.
LaTeX Font Info:    Overwriting math alphabet `\mathtt' in version `bold'
(Font)                  OT1/cmtt/m/n --> TU/GoogleSansDisplay(0)/b/n on input l
ine 206.
Package hyperref Info: Link coloring ON on input line 206.

Overfull \hbox (5.91725pt too wide) in paragraph at lines 240--241
[]\TU/GoogleSans(0)/m/n/10 Google is an example re-sume to show-case the ca-pa-b
i-li-ties of the open-source La-TeX CV ge-ne-ra-tor, [][][][][].
 []


Overfull \hbox (9.02301pt too wide) in paragraph at lines 274--275
[]\TU/GoogleSans(0)/m/n/10 Re-de-si-gned chat file for-mat and im-ple-men-ted ba
-ck-ward com-pa-ti-bi-lity for search. 
 []

<Image.jpg, id=9, 597.432pt x 845.0772pt>
File: Image.jpg Graphic file (type jpg)
<use Image.jpg>
Package luatex.def Info: Image.jpg  used on input line 345.
(luatex.def)             Requested size: 614.34996pt x 794.97874pt.
[1

{C:/Users/c2tz/AppData/Local/MiKTeX/fonts/map/pdftex/pdftex.map}<./Image.jpg>]
File: Image.jpg Graphic file (type jpg)
<use Image.jpg>
Package luatex.def Info: Image.jpg  used on input line 407.
(luatex.def)             Requested size: 614.34996pt x 794.97874pt.
 [2] 
enddocument/afterlastpage: lastpage setting LastPage.
(./Google_CV.aux)
 ***********
LaTeX2e <2023-11-01> patch level 1
L3 programming layer <2024-02-20>
 ***********
)

Here is how much of LuaTeX's memory you used:
 23530 strings out of 476447
 125007,1977958 words of node,token memory allocated
 1094 words of node memory still in use:
   7 hlist, 2 vlist, 2 rule, 17 glue, 4 kern, 1 penalty, 2 glyph, 130 attribute,
 94 glue_spec, 20 attribute_list, 1 write nodes
   avail lists: 1:6,2:5096,3:756,4:225,5:2673,6:134,7:9095,8:9,9:800,10:7,11:657

 45176 multiletter control sequences out of 65536+600000
 63 fonts using 6919455 bytes
 79i,10n,89p,872b,1088s stack positions out of 10000i,1000n,20000p,200000b,200000s
<./GoogleSans/GoogleSans-Italic.ttf><c:/users/c2tz/appdata/local/programs/miktex
/fonts/opentype/public/fontawesome5/fontawesome5free-regular-400.otf><./GoogleSa
ns/GoogleSans-Regular.ttf><c:/users/c2tz/appdata/local/programs/miktex/fonts/ope
ntype/public/fontawesome5/fontawesome5free-solid-900.otf><./GoogleSans/GoogleSan
s-Bold.ttf><C:/Users/c2tz/AppData/Local/Programs/MiKTeX/fonts/type1/public/amsfo
nts/cm/cmmi10.pfb><C:/Users/c2tz/AppData/Local/Programs/MiKTeX/fonts/type1/publi
c/amsfonts/cm/cmr10.pfb><C:/Users/c2tz/AppData/Local/Programs/MiKTeX/fonts/type1
/public/amsfonts/cm/cmr7.pfb><C:/Users/c2tz/AppData/Local/Programs/MiKTeX/fonts/
type1/public/amsfonts/cm/cmsy10.pfb>
Output written on Google_CV.pdf (2 pages, 477249 bytes).

PDF statistics: 99 PDF objects out of 1000 (max. 8388607)
 9 named destinations out of 1000 (max. 131072)
 49 words of extra memory for PDF output out of 10000 (max. 100000000)

